<?xml version="1.0" encoding="UTF-8"?>
<!-- Generated by org.testng.reporters.JUnitReportReporter -->
<testsuite hostname="Winter-Edge" name="com.cloudfoundry.tstracker.dao.TestAutowiredBean" tests="1" failures="0" timestamp="12 Jul 2013 03:48:15 GMT" time="0.015" errors="0">
  <testcase name="startUp" time="0.015" classname="com.cloudfoundry.tstracker.dao.TestAutowiredBean"/>
</testsuite> <!-- com.cloudfoundry.tstracker.dao.TestAutowiredBean -->
